0 info it worked if it ends with ok
1 verbose cli [ 'C:\\Program Files\\nodejs\\node.exe',
1 verbose cli   'C:\\Program Files\\nodejs\\node_modules\\npm\\bin\\npm-cli.js',
1 verbose cli   'install',
1 verbose cli   'braintree-angular' ]
2 info using npm@2.14.20
3 info using node@v4.4.1
4 verbose install initial load of C:\Users\alect\Google Drive\Spring 2016\IT 353\Project\clientFMSC\package.json
5 verbose installManyTop reading scoped package data from C:\Users\alect\Google Drive\Spring 2016\IT 353\Project\clientFMSC\node_modules\autoprefixer-core\package.json
6 verbose installManyTop reading scoped package data from C:\Users\alect\Google Drive\Spring 2016\IT 353\Project\clientFMSC\node_modules\bower\package.json
7 verbose installManyTop reading scoped package data from C:\Users\alect\Google Drive\Spring 2016\IT 353\Project\clientFMSC\node_modules\braintree-angular\package.json
8 verbose installManyTop reading scoped package data from C:\Users\alect\Google Drive\Spring 2016\IT 353\Project\clientFMSC\node_modules\grunt\package.json
9 verbose installManyTop reading scoped package data from C:\Users\alect\Google Drive\Spring 2016\IT 353\Project\clientFMSC\node_modules\grunt-angular-templates\package.json
10 verbose installManyTop reading scoped package data from C:\Users\alect\Google Drive\Spring 2016\IT 353\Project\clientFMSC\node_modules\grunt-concurrent\package.json
11 verbose installManyTop reading scoped package data from C:\Users\alect\Google Drive\Spring 2016\IT 353\Project\clientFMSC\node_modules\grunt-contrib-clean\package.json
12 verbose installManyTop reading scoped package data from C:\Users\alect\Google Drive\Spring 2016\IT 353\Project\clientFMSC\node_modules\grunt-contrib-concat\package.json
13 verbose installManyTop reading scoped package data from C:\Users\alect\Google Drive\Spring 2016\IT 353\Project\clientFMSC\node_modules\grunt-contrib-connect\package.json
14 verbose installManyTop reading scoped package data from C:\Users\alect\Google Drive\Spring 2016\IT 353\Project\clientFMSC\node_modules\grunt-contrib-copy\package.json
15 verbose installManyTop reading scoped package data from C:\Users\alect\Google Drive\Spring 2016\IT 353\Project\clientFMSC\node_modules\grunt-contrib-cssmin\package.json
16 verbose installManyTop reading scoped package data from C:\Users\alect\Google Drive\Spring 2016\IT 353\Project\clientFMSC\node_modules\grunt-contrib-htmlmin\package.json
17 verbose installManyTop reading scoped package data from C:\Users\alect\Google Drive\Spring 2016\IT 353\Project\clientFMSC\node_modules\grunt-contrib-imagemin\package.json
18 verbose installManyTop reading scoped package data from C:\Users\alect\Google Drive\Spring 2016\IT 353\Project\clientFMSC\node_modules\grunt-contrib-jshint\package.json
19 verbose installManyTop reading scoped package data from C:\Users\alect\Google Drive\Spring 2016\IT 353\Project\clientFMSC\node_modules\grunt-contrib-uglify\package.json
20 verbose installManyTop reading scoped package data from C:\Users\alect\Google Drive\Spring 2016\IT 353\Project\clientFMSC\node_modules\grunt-contrib-watch\package.json
21 verbose installManyTop reading scoped package data from C:\Users\alect\Google Drive\Spring 2016\IT 353\Project\clientFMSC\node_modules\grunt-filerev\package.json
22 verbose installManyTop reading scoped package data from C:\Users\alect\Google Drive\Spring 2016\IT 353\Project\clientFMSC\node_modules\grunt-google-cdn\package.json
23 verbose installManyTop reading scoped package data from C:\Users\alect\Google Drive\Spring 2016\IT 353\Project\clientFMSC\node_modules\grunt-jscs\package.json
24 verbose installManyTop reading scoped package data from C:\Users\alect\Google Drive\Spring 2016\IT 353\Project\clientFMSC\node_modules\grunt-karma\package.json
25 verbose installManyTop reading scoped package data from C:\Users\alect\Google Drive\Spring 2016\IT 353\Project\clientFMSC\node_modules\grunt-newer\package.json
26 verbose installManyTop reading scoped package data from C:\Users\alect\Google Drive\Spring 2016\IT 353\Project\clientFMSC\node_modules\grunt-ng-annotate\package.json
27 verbose installManyTop reading scoped package data from C:\Users\alect\Google Drive\Spring 2016\IT 353\Project\clientFMSC\node_modules\grunt-postcss\package.json
28 verbose installManyTop reading scoped package data from C:\Users\alect\Google Drive\Spring 2016\IT 353\Project\clientFMSC\node_modules\grunt-svgmin\package.json
29 verbose installManyTop reading scoped package data from C:\Users\alect\Google Drive\Spring 2016\IT 353\Project\clientFMSC\node_modules\grunt-usemin\package.json
30 verbose installManyTop reading scoped package data from C:\Users\alect\Google Drive\Spring 2016\IT 353\Project\clientFMSC\node_modules\grunt-wiredep\package.json
31 verbose installManyTop reading scoped package data from C:\Users\alect\Google Drive\Spring 2016\IT 353\Project\clientFMSC\node_modules\http-server\package.json
32 verbose installManyTop reading scoped package data from C:\Users\alect\Google Drive\Spring 2016\IT 353\Project\clientFMSC\node_modules\jasmine-core\package.json
33 verbose installManyTop reading scoped package data from C:\Users\alect\Google Drive\Spring 2016\IT 353\Project\clientFMSC\node_modules\jit-grunt\package.json
34 verbose installManyTop reading scoped package data from C:\Users\alect\Google Drive\Spring 2016\IT 353\Project\clientFMSC\node_modules\jshint-stylish\package.json
35 verbose installManyTop reading scoped package data from C:\Users\alect\Google Drive\Spring 2016\IT 353\Project\clientFMSC\node_modules\karma\package.json
36 verbose installManyTop reading scoped package data from C:\Users\alect\Google Drive\Spring 2016\IT 353\Project\clientFMSC\node_modules\karma-chrome-launcher\package.json
37 verbose installManyTop reading scoped package data from C:\Users\alect\Google Drive\Spring 2016\IT 353\Project\clientFMSC\node_modules\karma-firefox-launcher\package.json
38 verbose installManyTop reading scoped package data from C:\Users\alect\Google Drive\Spring 2016\IT 353\Project\clientFMSC\node_modules\karma-jasmine\package.json
39 verbose installManyTop reading scoped package data from C:\Users\alect\Google Drive\Spring 2016\IT 353\Project\clientFMSC\node_modules\karma-junit-reporter\package.json
40 verbose installManyTop reading scoped package data from C:\Users\alect\Google Drive\Spring 2016\IT 353\Project\clientFMSC\node_modules\karma-phantomjs-launcher\package.json
41 verbose installManyTop reading scoped package data from C:\Users\alect\Google Drive\Spring 2016\IT 353\Project\clientFMSC\node_modules\load-grunt-config\package.json
42 verbose installManyTop reading scoped package data from C:\Users\alect\Google Drive\Spring 2016\IT 353\Project\clientFMSC\node_modules\phantomjs-prebuilt\package.json
43 verbose installManyTop reading scoped package data from C:\Users\alect\Google Drive\Spring 2016\IT 353\Project\clientFMSC\node_modules\protractor\package.json
44 verbose installManyTop reading scoped package data from C:\Users\alect\Google Drive\Spring 2016\IT 353\Project\clientFMSC\node_modules\shelljs\package.json
45 verbose installManyTop reading scoped package data from C:\Users\alect\Google Drive\Spring 2016\IT 353\Project\clientFMSC\node_modules\time-grunt\package.json
46 info package.json grunt@0.4.5 No license field.
47 info package.json grunt-contrib-clean@0.6.0 No license field.
48 info package.json grunt-contrib-concat@0.5.1 No license field.
49 info package.json grunt-contrib-copy@0.7.0 No license field.
50 info package.json grunt-contrib-connect@0.9.0 No license field.
51 info package.json grunt-contrib-cssmin@0.12.3 No license field.
52 info package.json grunt-contrib-htmlmin@0.4.0 No license field.
53 info package.json grunt-contrib-uglify@0.7.0 No license field.
54 info package.json grunt-contrib-watch@0.6.1 No license field.
55 info package.json grunt-filerev@2.3.1 license should be a valid SPDX license expression
56 info package.json grunt-google-cdn@0.4.3 license should be a valid SPDX license expression
57 info package.json grunt-svgmin@2.0.1 No license field.
58 info package.json grunt-wiredep@2.0.0 No license field.
59 info package.json http-server@0.6.1 No license field.
60 info package.json shelljs@0.2.6 No license field.
61 info package.json grunt-angular-templates@0.5.9 No license field.
62 verbose readDependencies loading dependencies from C:\Users\alect\Google Drive\Spring 2016\IT 353\Project\clientFMSC\package.json
63 verbose install braintree-angular is installed as 1.3.1
64 silly cache add args [ 'braintree-angular', null ]
65 verbose cache add spec braintree-angular
66 silly cache add parsed spec Result {
66 silly cache add   raw: 'braintree-angular',
66 silly cache add   scope: null,
66 silly cache add   name: 'braintree-angular',
66 silly cache add   rawSpec: '',
66 silly cache add   spec: 'latest',
66 silly cache add   type: 'tag' }
67 silly addNamed braintree-angular@latest
68 verbose addNamed "latest" is being treated as a dist-tag for braintree-angular
69 info addNameTag [ 'braintree-angular', 'latest' ]
70 silly mapToRegistry name braintree-angular
71 silly mapToRegistry using default registry
72 silly mapToRegistry registry https://registry.npmjs.org/
73 silly mapToRegistry uri https://registry.npmjs.org/braintree-angular
74 verbose addNameTag registry:https://registry.npmjs.org/braintree-angular not in flight; fetching
75 verbose request uri https://registry.npmjs.org/braintree-angular
76 verbose request no auth needed
77 info attempt registry request try #1 at 9:20:51 PM
78 verbose request id 3ba6bd23108091be
79 verbose etag "97XHG0B5E5ZKNR3NWMBBXMKIF"
80 http request GET https://registry.npmjs.org/braintree-angular
81 http 304 https://registry.npmjs.org/braintree-angular
82 verbose headers { date: 'Thu, 28 Apr 2016 02:20:50 GMT',
82 verbose headers   via: '1.1 varnish',
82 verbose headers   'cache-control': 'max-age=300',
82 verbose headers   etag: '"97XHG0B5E5ZKNR3NWMBBXMKIF"',
82 verbose headers   age: '0',
82 verbose headers   connection: 'keep-alive',
82 verbose headers   'x-served-by': 'cache-ord1723-ORD',
82 verbose headers   'x-cache': 'MISS',
82 verbose headers   'x-cache-hits': '0',
82 verbose headers   'x-timer': 'S1461810050.997983,VS0,VE157',
82 verbose headers   vary: 'Accept-Encoding' }
83 silly get cb [ 304,
83 silly get   { date: 'Thu, 28 Apr 2016 02:20:50 GMT',
83 silly get     via: '1.1 varnish',
83 silly get     'cache-control': 'max-age=300',
83 silly get     etag: '"97XHG0B5E5ZKNR3NWMBBXMKIF"',
83 silly get     age: '0',
83 silly get     connection: 'keep-alive',
83 silly get     'x-served-by': 'cache-ord1723-ORD',
83 silly get     'x-cache': 'MISS',
83 silly get     'x-cache-hits': '0',
83 silly get     'x-timer': 'S1461810050.997983,VS0,VE157',
83 silly get     vary: 'Accept-Encoding' } ]
84 verbose etag https://registry.npmjs.org/braintree-angular from cache
85 verbose get saving braintree-angular to C:\Users\alect\AppData\Roaming\npm-cache\registry.npmjs.org\braintree-angular\.cache.json
86 verbose correctMkdir C:\Users\alect\AppData\Roaming\npm-cache correctMkdir not in flight; initializing
87 silly addNameTag next cb for braintree-angular with tag latest
88 silly addNamed braintree-angular@1.3.1
89 verbose addNamed "1.3.1" is a plain semver version for braintree-angular
90 silly cache afterAdd braintree-angular@1.3.1
91 verbose afterAdd C:\Users\alect\AppData\Roaming\npm-cache\braintree-angular\1.3.1\package\package.json not in flight; writing
92 verbose correctMkdir C:\Users\alect\AppData\Roaming\npm-cache correctMkdir not in flight; initializing
93 verbose afterAdd C:\Users\alect\AppData\Roaming\npm-cache\braintree-angular\1.3.1\package\package.json written
94 silly install resolved [ { name: 'braintree-angular',
94 silly install resolved     version: '1.3.1',
94 silly install resolved     description: 'Use Braintree in your Angular app',
94 silly install resolved     main: 'index.js',
94 silly install resolved     scripts:
94 silly install resolved      { test: 'npm run build && mocha test/integration',
94 silly install resolved        build: 'browserify index.js > dist/braintree-angular.js',
94 silly install resolved        example: 'node examples/server' },
94 silly install resolved     repository:
94 silly install resolved      { type: 'git',
94 silly install resolved        url: 'git+https://github.com/jeffcarp/braintree-angular.git' },
94 silly install resolved     keywords: [ 'angular', 'braintree' ],
94 silly install resolved     author: { name: 'Braintree' },
94 silly install resolved     license: 'MIT',
94 silly install resolved     bugs: { url: 'https://github.com/jeffcarp/braintree-angular/issues' },
94 silly install resolved     homepage: 'https://github.com/jeffcarp/braintree-angular',
94 silly install resolved     dependencies: { 'braintree-web': '2.7.2' },
94 silly install resolved     devDependencies:
94 silly install resolved      { angular: '^1.3.3',
94 silly install resolved        'body-parser': '^1.9.3',
94 silly install resolved        braintree: '^1.21.0',
94 silly install resolved        browserify: '^7.0.0',
94 silly install resolved        express: '^4.10.4',
94 silly install resolved        mocha: '^2.0.1',
94 silly install resolved        phantom: '^0.7.1',
94 silly install resolved        phantomjs: '^1.9.12' },
94 silly install resolved     gitHead: '43fd85592109c99446463270d7d0b16b40294aae',
94 silly install resolved     _id: 'braintree-angular@1.3.1',
94 silly install resolved     _shasum: '79160aa68665fee0f6c533f7770a20bc7663e482',
94 silly install resolved     _from: 'braintree-angular@latest',
94 silly install resolved     _npmVersion: '2.8.4',
94 silly install resolved     _nodeVersion: '0.10.36',
94 silly install resolved     _npmUser: { name: 'jeffcarp', email: 'gcarpenterv@gmail.com' },
94 silly install resolved     dist:
94 silly install resolved      { shasum: '79160aa68665fee0f6c533f7770a20bc7663e482',
94 silly install resolved        tarball: 'https://registry.npmjs.org/braintree-angular/-/braintree-angular-1.3.1.tgz' },
94 silly install resolved     maintainers: [ [Object] ],
94 silly install resolved     directories: {},
94 silly install resolved     _resolved: 'https://registry.npmjs.org/braintree-angular/-/braintree-angular-1.3.1.tgz',
94 silly install resolved     readme: 'ERROR: No README data found!' } ]
95 info install braintree-angular@1.3.1 into C:\Users\alect\Google Drive\Spring 2016\IT 353\Project\clientFMSC
96 info installOne braintree-angular@1.3.1
97 verbose installOne of braintree-angular to C:\Users\alect\Google Drive\Spring 2016\IT 353\Project\clientFMSC not in flight; installing
98 verbose correctMkdir C:\Users\alect\AppData\Roaming\npm-cache\_locks correctMkdir not in flight; initializing
99 verbose lock using C:\Users\alect\AppData\Roaming\npm-cache\_locks\braintree-angular-d26b8d120b336acb.lock for C:\Users\alect\Google Drive\Spring 2016\IT 353\Project\clientFMSC\node_modules\braintree-angular
100 silly install write writing braintree-angular 1.3.1 to C:\Users\alect\Google Drive\Spring 2016\IT 353\Project\clientFMSC\node_modules\braintree-angular
101 verbose unbuild node_modules\braintree-angular
102 info preuninstall braintree-angular@1.3.1
103 info uninstall braintree-angular@1.3.1
104 verbose unbuild rmStuff braintree-angular@1.3.1 from C:\Users\alect\Google Drive\Spring 2016\IT 353\Project\clientFMSC\node_modules
105 info postuninstall braintree-angular@1.3.1
106 silly gentlyRm C:\Users\alect\Google Drive\Spring 2016\IT 353\Project\clientFMSC\node_modules\braintree-angular is being purged from base C:\Users\alect\Google Drive\Spring 2016\IT 353\Project\clientFMSC
107 verbose gentlyRm don't care about contents; nuking C:\Users\alect\Google Drive\Spring 2016\IT 353\Project\clientFMSC\node_modules\braintree-angular
108 silly vacuum-fs purging C:\Users\alect\Google Drive\Spring 2016\IT 353\Project\clientFMSC\node_modules\braintree-angular
109 silly vacuum-fs quitting because other entries in C:\Users\alect\Google Drive\Spring 2016\IT 353\Project\clientFMSC\node_modules
110 verbose tar unpack C:\Users\alect\AppData\Roaming\npm-cache\braintree-angular\1.3.1\package.tgz
111 verbose tar unpacking to C:\Users\alect\Google Drive\Spring 2016\IT 353\Project\clientFMSC\node_modules\braintree-angular
112 silly gentlyRm C:\Users\alect\Google Drive\Spring 2016\IT 353\Project\clientFMSC\node_modules\braintree-angular is being purged
113 verbose gentlyRm don't care about contents; nuking C:\Users\alect\Google Drive\Spring 2016\IT 353\Project\clientFMSC\node_modules\braintree-angular
114 silly gunzTarPerm modes [ '777', '666' ]
115 silly gunzTarPerm extractEntry package.json
116 silly gunzTarPerm modified mode [ 'package.json', 420, 438 ]
117 silly gunzTarPerm extractEntry .npmignore
118 silly gunzTarPerm modified mode [ '.npmignore', 420, 438 ]
119 silly gunzTarPerm extractEntry README.md
120 silly gunzTarPerm modified mode [ 'README.md', 420, 438 ]
121 silly gunzTarPerm extractEntry LICENSE
122 silly gunzTarPerm modified mode [ 'LICENSE', 420, 438 ]
123 silly gunzTarPerm extractEntry braintree-factory.js
124 silly gunzTarPerm modified mode [ 'braintree-factory.js', 420, 438 ]
125 silly gunzTarPerm extractEntry client-token.js
126 silly gunzTarPerm modified mode [ 'client-token.js', 420, 438 ]
127 silly gunzTarPerm extractEntry index.js
128 silly gunzTarPerm modified mode [ 'index.js', 420, 438 ]
129 silly gunzTarPerm extractEntry bower.json
130 silly gunzTarPerm modified mode [ 'bower.json', 420, 438 ]
131 silly gunzTarPerm extractEntry .travis.yml
132 silly gunzTarPerm modified mode [ '.travis.yml', 420, 438 ]
133 silly gunzTarPerm extractEntry CHECKLISTS.md
134 silly gunzTarPerm modified mode [ 'CHECKLISTS.md', 420, 438 ]
135 silly gunzTarPerm extractEntry dist/braintree-angular.js
136 silly gunzTarPerm modified mode [ 'dist/braintree-angular.js', 420, 438 ]
137 silly gunzTarPerm extractEntry examples/server.js
138 silly gunzTarPerm modified mode [ 'examples/server.js', 420, 438 ]
139 silly gunzTarPerm extractEntry examples/dropin.html
140 silly gunzTarPerm modified mode [ 'examples/dropin.html', 420, 438 ]
141 silly gunzTarPerm extractEntry examples/nonce-received.html
142 silly gunzTarPerm modified mode [ 'examples/nonce-received.html', 420, 438 ]
143 silly gunzTarPerm extractEntry examples/paypal-callback.html
144 silly gunzTarPerm modified mode [ 'examples/paypal-callback.html', 420, 438 ]
145 silly gunzTarPerm extractEntry examples/paypal.html
146 silly gunzTarPerm modified mode [ 'examples/paypal.html', 420, 438 ]
147 silly gunzTarPerm extractEntry .nvmrc
148 silly gunzTarPerm modified mode [ '.nvmrc', 420, 438 ]
149 silly gunzTarPerm extractEntry test/integration/advanced-spec.js
150 silly gunzTarPerm modified mode [ 'test/integration/advanced-spec.js', 420, 438 ]
151 silly gunzTarPerm extractEntry test/integration/dropin-spec.js
152 silly gunzTarPerm modified mode [ 'test/integration/dropin-spec.js', 420, 438 ]
153 silly gunzTarPerm extractEntry test/integration/paypal-spec.js
154 silly gunzTarPerm modified mode [ 'test/integration/paypal-spec.js', 420, 438 ]
155 silly gunzTarPerm extractEntry test/support/app.js
156 silly gunzTarPerm modified mode [ 'test/support/app.js', 420, 438 ]
157 silly gunzTarPerm extractEntry test/support/test-advanced.html
158 silly gunzTarPerm modified mode [ 'test/support/test-advanced.html', 420, 438 ]
159 silly gunzTarPerm extractEntry test/support/test-dropin.html
160 silly gunzTarPerm modified mode [ 'test/support/test-dropin.html', 420, 438 ]
161 silly gunzTarPerm extractEntry test/support/test-paypal.html
162 silly gunzTarPerm modified mode [ 'test/support/test-paypal.html', 420, 438 ]
163 verbose write writing to C:\Users\alect\Google Drive\Spring 2016\IT 353\Project\clientFMSC\node_modules\braintree-angular\package.json
164 info preinstall braintree-angular@1.3.1
165 verbose readDependencies loading dependencies from C:\Users\alect\Google Drive\Spring 2016\IT 353\Project\clientFMSC\node_modules\braintree-angular\package.json
166 silly prepareForInstallMany adding braintree-web@2.7.2 from braintree-angular dependencies
167 verbose readDependencies loading dependencies from C:\Users\alect\Google Drive\Spring 2016\IT 353\Project\clientFMSC\node_modules\braintree-angular\package.json
168 silly cache add args [ 'braintree-web@2.7.2', null ]
169 verbose cache add spec braintree-web@2.7.2
170 silly cache add parsed spec Result {
170 silly cache add   raw: 'braintree-web@2.7.2',
170 silly cache add   scope: null,
170 silly cache add   name: 'braintree-web',
170 silly cache add   rawSpec: '2.7.2',
170 silly cache add   spec: '2.7.2',
170 silly cache add   type: 'version' }
171 silly addNamed braintree-web@2.7.2
172 verbose addNamed "2.7.2" is a plain semver version for braintree-web
173 silly mapToRegistry name braintree-web
174 silly mapToRegistry using default registry
175 silly mapToRegistry registry https://registry.npmjs.org/
176 silly mapToRegistry uri https://registry.npmjs.org/braintree-web
177 verbose addNameVersion registry:https://registry.npmjs.org/braintree-web not in flight; fetching
178 verbose request uri https://registry.npmjs.org/braintree-web
179 verbose request no auth needed
180 info attempt registry request try #1 at 9:20:52 PM
181 verbose etag "7BIZJP340JUROOB80TEXYTW6T"
182 http request GET https://registry.npmjs.org/braintree-web
183 http 304 https://registry.npmjs.org/braintree-web
184 verbose headers { date: 'Thu, 28 Apr 2016 02:20:51 GMT',
184 verbose headers   via: '1.1 varnish',
184 verbose headers   'cache-control': 'max-age=300',
184 verbose headers   etag: '"7BIZJP340JUROOB80TEXYTW6T"',
184 verbose headers   age: '212',
184 verbose headers   connection: 'keep-alive',
184 verbose headers   'x-served-by': 'cache-ord1734-ORD',
184 verbose headers   'x-cache': 'HIT',
184 verbose headers   'x-cache-hits': '1',
184 verbose headers   'x-timer': 'S1461810051.763668,VS0,VE0',
184 verbose headers   vary: 'Accept-Encoding' }
185 silly get cb [ 304,
185 silly get   { date: 'Thu, 28 Apr 2016 02:20:51 GMT',
185 silly get     via: '1.1 varnish',
185 silly get     'cache-control': 'max-age=300',
185 silly get     etag: '"7BIZJP340JUROOB80TEXYTW6T"',
185 silly get     age: '212',
185 silly get     connection: 'keep-alive',
185 silly get     'x-served-by': 'cache-ord1734-ORD',
185 silly get     'x-cache': 'HIT',
185 silly get     'x-cache-hits': '1',
185 silly get     'x-timer': 'S1461810051.763668,VS0,VE0',
185 silly get     vary: 'Accept-Encoding' } ]
186 verbose etag https://registry.npmjs.org/braintree-web from cache
187 verbose get saving braintree-web to C:\Users\alect\AppData\Roaming\npm-cache\registry.npmjs.org\braintree-web\.cache.json
188 verbose correctMkdir C:\Users\alect\AppData\Roaming\npm-cache correctMkdir not in flight; initializing
189 silly cache afterAdd braintree-web@2.7.2
190 verbose afterAdd C:\Users\alect\AppData\Roaming\npm-cache\braintree-web\2.7.2\package\package.json not in flight; writing
191 verbose correctMkdir C:\Users\alect\AppData\Roaming\npm-cache correctMkdir not in flight; initializing
192 verbose afterAdd C:\Users\alect\AppData\Roaming\npm-cache\braintree-web\2.7.2\package\package.json written
193 silly install resolved [ { name: 'braintree-web',
193 silly install resolved     description: 'A suite of tools for integrating Braintree in the browser',
193 silly install resolved     version: '2.7.2',
193 silly install resolved     main: 'dist/braintree.js',
193 silly install resolved     repository:
193 silly install resolved      { type: 'git',
193 silly install resolved        url: 'git+ssh://git@github.com/braintree/braintree-web.git' },
193 silly install resolved     keywords: [ 'braintree', 'payments' ],
193 silly install resolved     author: { name: 'braintree', email: 'code@getbraintree.com' },
193 silly install resolved     license: 'MIT',
193 silly install resolved     homepage: 'https://github.com/braintree/braintree-web',
193 silly install resolved     devDependencies: { jsdom: '^1.1.0' },
193 silly install resolved     gitHead: '55abeb40a033c4dc64b7c50b41f940e8fd3aaebf',
193 silly install resolved     bugs: { url: 'https://github.com/braintree/braintree-web/issues' },
193 silly install resolved     _id: 'braintree-web@2.7.2',
193 silly install resolved     scripts: {},
193 silly install resolved     _shasum: '93dfd45428832a7e590827b14e7666dd34bd2b44',
193 silly install resolved     _from: 'braintree-web@2.7.2',
193 silly install resolved     _npmVersion: '1.4.28',
193 silly install resolved     _npmUser: { name: 'braintree', email: 'devs@getbraintree.com' },
193 silly install resolved     maintainers: [ [Object] ],
193 silly install resolved     dist:
193 silly install resolved      { shasum: '93dfd45428832a7e590827b14e7666dd34bd2b44',
193 silly install resolved        tarball: 'https://registry.npmjs.org/braintree-web/-/braintree-web-2.7.2.tgz' },
193 silly install resolved     directories: {},
193 silly install resolved     _resolved: 'https://registry.npmjs.org/braintree-web/-/braintree-web-2.7.2.tgz',
193 silly install resolved     readme: 'ERROR: No README data found!' } ]
194 info install braintree-web@2.7.2 into C:\Users\alect\Google Drive\Spring 2016\IT 353\Project\clientFMSC\node_modules\braintree-angular
195 info installOne braintree-web@2.7.2
196 verbose installOne of braintree-web to C:\Users\alect\Google Drive\Spring 2016\IT 353\Project\clientFMSC\node_modules\braintree-angular not in flight; installing
197 verbose correctMkdir C:\Users\alect\AppData\Roaming\npm-cache\_locks correctMkdir not in flight; initializing
198 verbose lock using C:\Users\alect\AppData\Roaming\npm-cache\_locks\braintree-web-af04a256e2ef3729.lock for C:\Users\alect\Google Drive\Spring 2016\IT 353\Project\clientFMSC\node_modules\braintree-angular\node_modules\braintree-web
199 silly install write writing braintree-web 2.7.2 to C:\Users\alect\Google Drive\Spring 2016\IT 353\Project\clientFMSC\node_modules\braintree-angular\node_modules\braintree-web
200 verbose unbuild node_modules\braintree-angular\node_modules\braintree-web
201 silly gentlyRm C:\Users\alect\Google Drive\Spring 2016\IT 353\Project\clientFMSC\node_modules\braintree-angular\node_modules\braintree-web is being purged from base C:\Users\alect\Google Drive\Spring 2016\IT 353\Project\clientFMSC
202 verbose gentlyRm don't care about contents; nuking C:\Users\alect\Google Drive\Spring 2016\IT 353\Project\clientFMSC\node_modules\braintree-angular\node_modules\braintree-web
203 verbose tar unpack C:\Users\alect\AppData\Roaming\npm-cache\braintree-web\2.7.2\package.tgz
204 verbose tar unpacking to C:\Users\alect\Google Drive\Spring 2016\IT 353\Project\clientFMSC\node_modules\braintree-angular\node_modules\braintree-web
205 silly gentlyRm C:\Users\alect\Google Drive\Spring 2016\IT 353\Project\clientFMSC\node_modules\braintree-angular\node_modules\braintree-web is being purged
206 verbose gentlyRm don't care about contents; nuking C:\Users\alect\Google Drive\Spring 2016\IT 353\Project\clientFMSC\node_modules\braintree-angular\node_modules\braintree-web
207 silly gunzTarPerm modes [ '777', '666' ]
208 silly gunzTarPerm extractEntry package.json
209 silly gunzTarPerm modified mode [ 'package.json', 420, 438 ]
210 silly gunzTarPerm extractEntry README.md
211 silly gunzTarPerm modified mode [ 'README.md', 420, 438 ]
212 silly gunzTarPerm extractEntry dist/braintree.js
213 silly gunzTarPerm modified mode [ 'dist/braintree.js', 420, 438 ]
214 verbose write writing to C:\Users\alect\Google Drive\Spring 2016\IT 353\Project\clientFMSC\node_modules\braintree-angular\node_modules\braintree-web\package.json
215 info preinstall braintree-web@2.7.2
216 verbose readDependencies loading dependencies from C:\Users\alect\Google Drive\Spring 2016\IT 353\Project\clientFMSC\node_modules\braintree-angular\node_modules\braintree-web\package.json
217 verbose readDependencies loading dependencies from C:\Users\alect\Google Drive\Spring 2016\IT 353\Project\clientFMSC\node_modules\braintree-angular\node_modules\braintree-web\package.json
218 silly install resolved []
219 verbose about to build C:\Users\alect\Google Drive\Spring 2016\IT 353\Project\clientFMSC\node_modules\braintree-angular\node_modules\braintree-web
220 info build C:\Users\alect\Google Drive\Spring 2016\IT 353\Project\clientFMSC\node_modules\braintree-angular\node_modules\braintree-web
221 info linkStuff braintree-web@2.7.2
222 silly linkStuff braintree-web@2.7.2 has C:\Users\alect\Google Drive\Spring 2016\IT 353\Project\clientFMSC\node_modules\braintree-angular\node_modules as its parent node_modules
223 verbose linkBins braintree-web@2.7.2
224 verbose linkMans braintree-web@2.7.2
225 verbose rebuildBundles braintree-web@2.7.2
226 info install braintree-web@2.7.2
227 info postinstall braintree-web@2.7.2
228 verbose unlock done using C:\Users\alect\AppData\Roaming\npm-cache\_locks\braintree-web-af04a256e2ef3729.lock for C:\Users\alect\Google Drive\Spring 2016\IT 353\Project\clientFMSC\node_modules\braintree-angular\node_modules\braintree-web
229 verbose about to build C:\Users\alect\Google Drive\Spring 2016\IT 353\Project\clientFMSC\node_modules\braintree-angular
230 info build C:\Users\alect\Google Drive\Spring 2016\IT 353\Project\clientFMSC\node_modules\braintree-angular
231 info linkStuff braintree-angular@1.3.1
232 silly linkStuff braintree-angular@1.3.1 has C:\Users\alect\Google Drive\Spring 2016\IT 353\Project\clientFMSC\node_modules as its parent node_modules
233 verbose linkBins braintree-angular@1.3.1
234 verbose linkMans braintree-angular@1.3.1
235 verbose rebuildBundles braintree-angular@1.3.1
236 verbose rebuildBundles [ 'braintree-web' ]
237 info install braintree-angular@1.3.1
238 info postinstall braintree-angular@1.3.1
239 verbose unlock done using C:\Users\alect\AppData\Roaming\npm-cache\_locks\braintree-angular-d26b8d120b336acb.lock for C:\Users\alect\Google Drive\Spring 2016\IT 353\Project\clientFMSC\node_modules\braintree-angular
240 verbose validateInstall loading C:\Users\alect\Google Drive\Spring 2016\IT 353\Project\clientFMSC\package.json for validation
241 verbose stack Error: The package karma@0.12.37 does not satisfy its siblings' peerDependencies requirements!
241 verbose stack     at C:\Program Files\nodejs\node_modules\npm\lib\install.js:125:32
241 verbose stack     at C:\Program Files\nodejs\node_modules\npm\lib\install.js:268:7
241 verbose stack     at C:\Program Files\nodejs\node_modules\npm\node_modules\read-installed\read-installed.js:142:5
241 verbose stack     at C:\Program Files\nodejs\node_modules\npm\node_modules\read-installed\read-installed.js:263:14
241 verbose stack     at cb (C:\Program Files\nodejs\node_modules\npm\node_modules\slide\lib\async-map.js:47:24)
241 verbose stack     at C:\Program Files\nodejs\node_modules\npm\node_modules\read-installed\read-installed.js:263:14
241 verbose stack     at cb (C:\Program Files\nodejs\node_modules\npm\node_modules\slide\lib\async-map.js:47:24)
241 verbose stack     at C:\Program Files\nodejs\node_modules\npm\node_modules\read-installed\read-installed.js:263:14
241 verbose stack     at cb (C:\Program Files\nodejs\node_modules\npm\node_modules\slide\lib\async-map.js:47:24)
241 verbose stack     at C:\Program Files\nodejs\node_modules\npm\node_modules\read-installed\read-installed.js:263:14
242 verbose cwd C:\Users\alect\Google Drive\Spring 2016\IT 353\Project\clientFMSC
243 error Windows_NT 10.0.10586
244 error argv "C:\\Program Files\\nodejs\\node.exe" "C:\\Program Files\\nodejs\\node_modules\\npm\\bin\\npm-cli.js" "install" "braintree-angular"
245 error node v4.4.1
246 error npm  v2.14.20
247 error code EPEERINVALID
248 error peerinvalid The package karma@0.12.37 does not satisfy its siblings' peerDependencies requirements!
248 error peerinvalid Peer grunt-karma@0.12.2 wants karma@^0.13.0 || >= 0.14.0-rc.0
248 error peerinvalid Peer karma-junit-reporter@0.2.2 wants karma@>=0.9
248 error peerinvalid Peer karma-phantomjs-launcher@1.0.0 wants karma@>=0.9
249 verbose exit [ 1, true ]
